<?xml version="1.0" encoding="UTF-8"?>
<testsuite name="tests.Case1" tests="1" skipped="0" failures="0" errors="0" timestamp="2020-11-28T17:18:35" hostname="VADIM" time="4.857">
  <properties/>
  <testcase name="test1()" classname="tests.Case1" time="4.857"/>
  <system-out><![CDATA[]]></system-out>
  <system-err><![CDATA[Starting ChromeDriver 87.0.4280.20 (c99e81631faa0b2a448e658c0dbd8311fb04ddbd-refs/branch-heads/4280@{#355}) on port 3508
Only local connections are allowed.
Please see https://chromedriver.chromium.org/security-considerations for suggestions on keeping ChromeDriver safe.
ChromeDriver was started successfully.
нояб. 28, 2020 9:18:38 PM org.openqa.selenium.remote.ProtocolHandshake createSession
INFO: Detected dialect: W3C
]]></system-err>
</testsuite>
